This file contains any messages produced by compilers while
running configure, to aid debugging if configure makes a mistake.

It was created by gzen_money configure 0.1, which was
generated by GNU Autoconf 2.69.  Invocation command line was

  $ /home/bigbn/Devel/gzen-money/configure --host x86_64-linux-gnu --prefix=/home/bigbn/Devel/gzen-money/_install --host=x86_64-linux-gnu

## --------- ##
## Platform. ##
## --------- ##

hostname = bigbn
uname -m = x86_64
uname -r = 4.1.5-1-ARCH
uname -s = Linux
uname -v = #1 SMP PREEMPT Tue Aug 11 15:41:14 CEST 2015

/usr/bin/uname -p = unknown
/bin/uname -X     = unknown

/bin/arch              = unknown
/usr/bin/arch -k       = unknown
/usr/convex/getsysinfo = unknown
/usr/bin/hostinfo      = unknown
/bin/machine           = unknown
/usr/bin/oslevel       = unknown
/bin/universe          = unknown

PATH: /usr/local/bin
PATH: /usr/local/sbin
PATH: /usr/bin
PATH: /usr/sbin
PATH: /bin
PATH: /sbin


## ----------- ##
## Core tests. ##
## ----------- ##

configure:2247: checking for a BSD-compatible install
configure:2315: result: /usr/bin/install -c
configure:2326: checking whether build environment is sane
configure:2381: result: yes
configure:2440: checking for x86_64-linux-gnu-strip
configure:2470: result: no
configure:2480: checking for strip
configure:2496: found /usr/bin/strip
configure:2507: result: strip
configure:2532: checking for a thread-safe mkdir -p
configure:2571: result: /usr/bin/mkdir -p
configure:2578: checking for gawk
configure:2594: found /usr/bin/gawk
configure:2605: result: gawk
configure:2616: checking whether make sets $(MAKE)
configure:2638: result: yes
configure:2667: checking whether make supports nested variables
configure:2684: result: yes
configure:2822: checking whether make supports nested variables
configure:2839: result: yes
configure:2859: checking for x86_64-linux-gnu-gcc
configure:2889: result: no
configure:2899: checking for gcc
configure:2915: found /usr/bin/gcc
configure:2926: result: gcc
configure:3155: checking for C compiler version
configure:3164: gcc --version >&5
gcc (GCC) 5.2.0
Copyright (C) 2015 Free Software Foundation, Inc.
This is free software; see the source for copying conditions.  There is NO
warranty; not even for MERCHANTABILITY or FITNESS FOR A PARTICULAR PURPOSE.

configure:3175: $? = 0
configure:3164: gcc -v >&5
Using built-in specs.
COLLECT_GCC=gcc
COLLECT_LTO_WRAPPER=/usr/lib/gcc/x86_64-unknown-linux-gnu/5.2.0/lto-wrapper
Target: x86_64-unknown-linux-gnu
Configured with: /build/gcc-multilib/src/gcc-5.2.0/configure --prefix=/usr --libdir=/usr/lib --libexecdir=/usr/lib --mandir=/usr/share/man --infodir=/usr/share/info --with-bugurl=https://bugs.archlinux.org/ --enable-languages=c,c++,ada,fortran,go,lto,objc,obj-c++ --enable-shared --enable-threads=posix --enable-libmpx --with-system-zlib --with-isl --enable-__cxa_atexit --disable-libunwind-exceptions --enable-clocale=gnu --disable-libstdcxx-pch --disable-libssp --enable-gnu-unique-object --enable-linker-build-id --enable-lto --enable-plugin --enable-install-libiberty --with-linker-hash-style=gnu --enable-gnu-indirect-function --enable-multilib --disable-werror --enable-checking=release --with-default-libstdcxx-abi=gcc4-compatible
Thread model: posix
gcc version 5.2.0 (GCC) 
configure:3175: $? = 0
configure:3164: gcc -V >&5
gcc: error: unrecognized command line option '-V'
gcc: fatal error: no input files
compilation terminated.
configure:3175: $? = 1
configure:3164: gcc -qversion >&5
gcc: error: unrecognized command line option '-qversion'
gcc: fatal error: no input files
compilation terminated.
configure:3175: $? = 1
configure:3195: checking whether the C compiler works
configure:3217: gcc    conftest.c  >&5
configure:3221: $? = 0
configure:3269: result: yes
configure:3272: checking for C compiler default output file name
configure:3274: result: a.out
configure:3280: checking for suffix of executables
configure:3287: gcc -o conftest    conftest.c  >&5
configure:3291: $? = 0
configure:3313: result: 
configure:3335: checking whether we are cross compiling
configure:3343: gcc -o conftest    conftest.c  >&5
configure:3347: $? = 0
configure:3354: ./conftest
configure:3358: $? = 0
configure:3373: result: no
configure:3378: checking for suffix of object files
configure:3400: gcc -c   conftest.c >&5
configure:3404: $? = 0
configure:3425: result: o
configure:3429: checking whether we are using the GNU C compiler
configure:3448: gcc -c   conftest.c >&5
configure:3448: $? = 0
configure:3457: result: yes
configure:3466: checking whether gcc accepts -g
configure:3486: gcc -c -g  conftest.c >&5
configure:3486: $? = 0
configure:3527: result: yes
configure:3544: checking for gcc option to accept ISO C89
configure:3607: gcc  -c -g -O2  conftest.c >&5
configure:3607: $? = 0
configure:3620: result: none needed
configure:3645: checking whether gcc understands -c and -o together
configure:3667: gcc -c conftest.c -o conftest2.o
configure:3670: $? = 0
configure:3667: gcc -c conftest.c -o conftest2.o
configure:3670: $? = 0
configure:3682: result: yes
configure:3710: checking for style of include used by make
configure:3738: result: GNU
configure:3764: checking dependency style of gcc
configure:3875: result: gcc3
configure:3923: checking build system type
configure:3937: result: x86_64-unknown-linux-gnu
configure:3957: checking host system type
configure:3970: result: x86_64-pc-linux-gnu
configure:4011: checking how to print strings
configure:4038: result: printf
configure:4059: checking for a sed that does not truncate output
configure:4123: result: /usr/bin/sed
configure:4141: checking for grep that handles long lines and -e
configure:4199: result: /usr/bin/grep
configure:4204: checking for egrep
configure:4266: result: /usr/bin/grep -E
configure:4271: checking for fgrep
configure:4333: result: /usr/bin/grep -F
configure:4368: checking for ld used by gcc
configure:4435: result: /usr/bin/ld
configure:4442: checking if the linker (/usr/bin/ld) is GNU ld
configure:4457: result: yes
configure:4469: checking for BSD- or MS-compatible name lister (nm)
configure:4523: result: no
configure:4537: checking for x86_64-linux-gnu-dumpbin
configure:4567: result: no
configure:4537: checking for x86_64-linux-gnu-link
configure:4567: result: no
configure:4581: checking for dumpbin
configure:4611: result: no
configure:4581: checking for link
configure:4597: found /usr/bin/link
configure:4608: result: link -dump
configure:4653: checking the name lister (nm) interface
configure:4660: gcc -c -g -O2  conftest.c >&5
configure:4663: nm "conftest.o"
configure:4666: output
0000000000000000 B some_variable
configure:4673: result: BSD nm
configure:4676: checking whether ln -s works
configure:4680: result: yes
configure:4688: checking the maximum length of command line arguments
configure:4819: result: 1572864
configure:4867: checking how to convert x86_64-unknown-linux-gnu file names to x86_64-pc-linux-gnu format
configure:4907: result: func_convert_file_noop
configure:4914: checking how to convert x86_64-unknown-linux-gnu file names to toolchain format
configure:4934: result: func_convert_file_noop
configure:4941: checking for /usr/bin/ld option to reload object files
configure:4948: result: -r
configure:4982: checking for x86_64-linux-gnu-objdump
configure:5012: result: no
configure:5022: checking for objdump
configure:5038: found /usr/bin/objdump
configure:5049: result: objdump
configure:5081: checking how to recognize dependent libraries
configure:5281: result: pass_all
configure:5326: checking for x86_64-linux-gnu-dlltool
configure:5356: result: no
configure:5366: checking for dlltool
configure:5396: result: no
configure:5426: checking how to associate runtime and link libraries
configure:5453: result: printf %s\n
configure:5470: checking for x86_64-linux-gnu-ar
configure:5500: result: no
configure:5514: checking for ar
configure:5530: found /usr/bin/ar
configure:5541: result: ar
configure:5578: checking for archiver @FILE support
configure:5595: gcc -c -g -O2  conftest.c >&5
configure:5595: $? = 0
configure:5598: ar cru libconftest.a @conftest.lst >&5
ar: `u' modifier ignored since `D' is the default (see `U')
configure:5601: $? = 0
configure:5606: ar cru libconftest.a @conftest.lst >&5
ar: `u' modifier ignored since `D' is the default (see `U')
ar: conftest.o: No such file or directory
configure:5609: $? = 1
configure:5621: result: @
configure:5639: checking for x86_64-linux-gnu-strip
configure:5666: result: strip
configure:5738: checking for x86_64-linux-gnu-ranlib
configure:5768: result: no
configure:5778: checking for ranlib
configure:5794: found /usr/bin/ranlib
configure:5805: result: ranlib
configure:5907: checking command to parse nm output from gcc object
configure:6060: gcc -c -g -O2  conftest.c >&5
configure:6063: $? = 0
configure:6067: nm conftest.o \| sed -n -e 's/^.*[ ]\([ABCDGIRSTW][ABCDGIRSTW]*\)[ ][ ]*\([_A-Za-z][_A-Za-z0-9]*\)$/\1 \2 \2/p' | sed '/ __gnu_lto/d' \> conftest.nm
configure:6070: $? = 0
configure:6136: gcc -o conftest -g -O2   conftest.c conftstm.o >&5
configure:6139: $? = 0
configure:6177: result: ok
configure:6224: checking for sysroot
configure:6254: result: no
configure:6261: checking for a working dd
configure:6299: result: /usr/bin/dd
configure:6303: checking how to truncate binary pipes
configure:6318: result: /usr/bin/dd bs=4096 count=1
configure:6454: gcc -c -g -O2  conftest.c >&5
configure:6457: $? = 0
configure:6607: checking for x86_64-linux-gnu-mt
configure:6637: result: no
configure:6647: checking for mt
configure:6677: result: no
configure:6697: checking if : is a manifest tool
configure:6703: : '-?'
configure:6711: result: no
configure:7388: checking how to run the C preprocessor
configure:7419: gcc -E  conftest.c
configure:7419: $? = 0
configure:7433: gcc -E  conftest.c
conftest.c:11:28: fatal error: ac_nonexistent.h: No such file or directory
compilation terminated.
configure:7433: $? = 1
configure: failed program was:
| /* confdefs.h */
| #define PACKAGE_NAME "gzen_money"
| #define PACKAGE_TARNAME "gzen_money"
| #define PACKAGE_VERSION "0.1"
| #define PACKAGE_STRING "gzen_money 0.1"
| #define PACKAGE_BUGREPORT ""
| #define PACKAGE_URL ""
| #define PACKAGE "gzen_money"
| #define VERSION "0.1"
| /* end confdefs.h.  */
| #include <ac_nonexistent.h>
configure:7458: result: gcc -E
configure:7478: gcc -E  conftest.c
configure:7478: $? = 0
configure:7492: gcc -E  conftest.c
conftest.c:11:28: fatal error: ac_nonexistent.h: No such file or directory
compilation terminated.
configure:7492: $? = 1
configure: failed program was:
| /* confdefs.h */
| #define PACKAGE_NAME "gzen_money"
| #define PACKAGE_TARNAME "gzen_money"
| #define PACKAGE_VERSION "0.1"
| #define PACKAGE_STRING "gzen_money 0.1"
| #define PACKAGE_BUGREPORT ""
| #define PACKAGE_URL ""
| #define PACKAGE "gzen_money"
| #define VERSION "0.1"
| /* end confdefs.h.  */
| #include <ac_nonexistent.h>
configure:7521: checking for ANSI C header files
configure:7541: gcc -c -g -O2  conftest.c >&5
configure:7541: $? = 0
configure:7614: gcc -o conftest -g -O2   conftest.c  >&5
configure:7614: $? = 0
configure:7614: ./conftest
configure:7614: $? = 0
configure:7625: result: yes
configure:7638: checking for sys/types.h
configure:7638: gcc -c -g -O2  conftest.c >&5
configure:7638: $? = 0
configure:7638: result: yes
configure:7638: checking for sys/stat.h
configure:7638: gcc -c -g -O2  conftest.c >&5
configure:7638: $? = 0
configure:7638: result: yes
configure:7638: checking for stdlib.h
configure:7638: gcc -c -g -O2  conftest.c >&5
configure:7638: $? = 0
configure:7638: result: yes
configure:7638: checking for string.h
configure:7638: gcc -c -g -O2  conftest.c >&5
configure:7638: $? = 0
configure:7638: result: yes
configure:7638: checking for memory.h
configure:7638: gcc -c -g -O2  conftest.c >&5
configure:7638: $? = 0
configure:7638: result: yes
configure:7638: checking for strings.h
configure:7638: gcc -c -g -O2  conftest.c >&5
configure:7638: $? = 0
configure:7638: result: yes
configure:7638: checking for inttypes.h
configure:7638: gcc -c -g -O2  conftest.c >&5
configure:7638: $? = 0
configure:7638: result: yes
configure:7638: checking for stdint.h
configure:7638: gcc -c -g -O2  conftest.c >&5
configure:7638: $? = 0
configure:7638: result: yes
configure:7638: checking for unistd.h
configure:7638: gcc -c -g -O2  conftest.c >&5
configure:7638: $? = 0
configure:7638: result: yes
configure:7652: checking for dlfcn.h
configure:7652: gcc -c -g -O2  conftest.c >&5
configure:7652: $? = 0
configure:7652: result: yes
configure:7908: checking for objdir
configure:7923: result: .libs
configure:8183: checking if gcc supports -fno-rtti -fno-exceptions
configure:8201: gcc -c -g -O2  -fno-rtti -fno-exceptions conftest.c >&5
cc1: warning: command line option '-fno-rtti' is valid for C++/ObjC++ but not for C
configure:8205: $? = 0
configure:8218: result: no
configure:8576: checking for gcc option to produce PIC
configure:8583: result: -fPIC -DPIC
configure:8591: checking if gcc PIC flag -fPIC -DPIC works
configure:8609: gcc -c -g -O2  -fPIC -DPIC -DPIC conftest.c >&5
configure:8613: $? = 0
configure:8626: result: yes
configure:8655: checking if gcc static flag -static works
configure:8683: result: yes
configure:8698: checking if gcc supports -c -o file.o
configure:8719: gcc -c -g -O2  -o out/conftest2.o conftest.c >&5
configure:8723: $? = 0
configure:8745: result: yes
configure:8753: checking if gcc supports -c -o file.o
configure:8800: result: yes
configure:8833: checking whether the gcc linker (/usr/bin/ld -m elf_x86_64) supports shared libraries
configure:10092: result: yes
configure:10129: checking whether -lc should be explicitly linked in
configure:10137: gcc -c -g -O2  conftest.c >&5
configure:10140: $? = 0
configure:10155: gcc -shared  -fPIC -DPIC conftest.o  -v -Wl,-soname -Wl,conftest -o conftest 2\>\&1 \| /usr/bin/grep  -lc  \>/dev/null 2\>\&1
configure:10158: $? = 0
configure:10172: result: no
configure:10332: checking dynamic linker characteristics
configure:10913: gcc -o conftest -g -O2   -Wl,-rpath -Wl,/foo conftest.c  >&5
configure:10913: $? = 0
configure:11150: result: GNU/Linux ld.so
configure:11272: checking how to hardcode library paths into programs
configure:11297: result: immediate
configure:11845: checking whether stripping libraries is possible
configure:11850: result: yes
configure:11885: checking if libtool supports shared libraries
configure:11887: result: yes
configure:11890: checking whether to build shared libraries
configure:11915: result: yes
configure:11918: checking whether to build static libraries
configure:11922: result: yes
configure:11962: checking for valac
configure:11980: found /usr/bin/valac
configure:11993: result: /usr/bin/valac
configure:12002: checking whether /usr/bin/valac is at least version 0.10.0
configure:12010: result: yes
configure:12044: checking for x86_64-linux-gnu-pkg-config
configure:12077: result: no
configure:12087: checking for pkg-config
configure:12105: found /usr/bin/pkg-config
configure:12117: result: /usr/bin/pkg-config
configure:12142: checking pkg-config is at least version 0.9.0
configure:12145: result: yes
configure:12155: checking for GZEN_MONEY
configure:12165: $PKG_CONFIG --exists --print-errors "gnome-keyring-1
gio-2.0
gio-2.0
gtk+-3.0 libsoup-2.4 gee-1.0 gtk+-3.0 json-glib-1.0"
configure:12171: $? = 0
configure:12191: $PKG_CONFIG --exists --print-errors "gnome-keyring-1
gio-2.0
gio-2.0
gtk+-3.0 libsoup-2.4 gee-1.0 gtk+-3.0 json-glib-1.0"
configure:12197: $? = 0
configure:12267: result: yes
configure:12384: checking that generated files are newer than configure
configure:12390: result: done
configure:12413: creating ./config.status

## ---------------------- ##
## Running config.status. ##
## ---------------------- ##

This file was extended by gzen_money config.status 0.1, which was
generated by GNU Autoconf 2.69.  Invocation command line was

  CONFIG_FILES    = 
  CONFIG_HEADERS  = 
  CONFIG_LINKS    = 
  CONFIG_COMMANDS = 
  $ ./config.status 

on bigbn

config.status:1095: creating Makefile
config.status:1095: creating src/Makefile
config.status:1095: creating config.h
config.status:1276: config.h is unchanged
config.status:1324: executing depfiles commands
config.status:1324: executing libtool commands

## ---------------- ##
## Cache variables. ##
## ---------------- ##

ac_cv_build=x86_64-unknown-linux-gnu
ac_cv_c_compiler_gnu=yes
ac_cv_env_CC_set=
ac_cv_env_CC_value=
ac_cv_env_CFLAGS_set=
ac_cv_env_CFLAGS_value=
ac_cv_env_CPPFLAGS_set=
ac_cv_env_CPPFLAGS_value=
ac_cv_env_CPP_set=
ac_cv_env_CPP_value=
ac_cv_env_GZEN_MONEY_CFLAGS_set=
ac_cv_env_GZEN_MONEY_CFLAGS_value=
ac_cv_env_GZEN_MONEY_LIBS_set=
ac_cv_env_GZEN_MONEY_LIBS_value=
ac_cv_env_LDFLAGS_set=
ac_cv_env_LDFLAGS_value=
ac_cv_env_LIBS_set=
ac_cv_env_LIBS_value=
ac_cv_env_LT_SYS_LIBRARY_PATH_set=
ac_cv_env_LT_SYS_LIBRARY_PATH_value=
ac_cv_env_PKG_CONFIG_LIBDIR_set=
ac_cv_env_PKG_CONFIG_LIBDIR_value=
ac_cv_env_PKG_CONFIG_PATH_set=
ac_cv_env_PKG_CONFIG_PATH_value=
ac_cv_env_PKG_CONFIG_set=
ac_cv_env_PKG_CONFIG_value=
ac_cv_env_build_alias_set=
ac_cv_env_build_alias_value=
ac_cv_env_host_alias_set=set
ac_cv_env_host_alias_value=x86_64-linux-gnu
ac_cv_env_target_alias_set=
ac_cv_env_target_alias_value=
ac_cv_header_dlfcn_h=yes
ac_cv_header_inttypes_h=yes
ac_cv_header_memory_h=yes
ac_cv_header_stdc=yes
ac_cv_header_stdint_h=yes
ac_cv_header_stdlib_h=yes
ac_cv_header_string_h=yes
ac_cv_header_strings_h=yes
ac_cv_header_sys_stat_h=yes
ac_cv_header_sys_types_h=yes
ac_cv_header_unistd_h=yes
ac_cv_host=x86_64-pc-linux-gnu
ac_cv_objext=o
ac_cv_path_EGREP='/usr/bin/grep -E'
ac_cv_path_FGREP='/usr/bin/grep -F'
ac_cv_path_GREP=/usr/bin/grep
ac_cv_path_SED=/usr/bin/sed
ac_cv_path_VALAC=/usr/bin/valac
ac_cv_path_ac_pt_PKG_CONFIG=/usr/bin/pkg-config
ac_cv_path_install='/usr/bin/install -c'
ac_cv_path_lt_DD=/usr/bin/dd
ac_cv_path_mkdir=/usr/bin/mkdir
ac_cv_prog_AWK=gawk
ac_cv_prog_CPP='gcc -E'
ac_cv_prog_STRIP=strip
ac_cv_prog_ac_ct_AR=ar
ac_cv_prog_ac_ct_CC=gcc
ac_cv_prog_ac_ct_DUMPBIN='link -dump'
ac_cv_prog_ac_ct_OBJDUMP=objdump
ac_cv_prog_ac_ct_RANLIB=ranlib
ac_cv_prog_ac_ct_STRIP=strip
ac_cv_prog_cc_c89=
ac_cv_prog_cc_g=yes
ac_cv_prog_make_make_set=yes
am_cv_CC_dependencies_compiler_type=gcc3
am_cv_make_support_nested_variables=yes
am_cv_prog_cc_c_o=yes
lt_cv_ar_at_file=@
lt_cv_archive_cmds_need_lc=no
lt_cv_deplibs_check_method=pass_all
lt_cv_file_magic_cmd='$MAGIC_CMD'
lt_cv_file_magic_test_file=
lt_cv_ld_reload_flag=-r
lt_cv_nm_interface='BSD nm'
lt_cv_objdir=.libs
lt_cv_path_LD=/usr/bin/ld
lt_cv_path_NM=no
lt_cv_path_mainfest_tool=no
lt_cv_prog_compiler_c_o=yes
lt_cv_prog_compiler_pic='-fPIC -DPIC'
lt_cv_prog_compiler_pic_works=yes
lt_cv_prog_compiler_rtti_exceptions=no
lt_cv_prog_compiler_static_works=yes
lt_cv_prog_gnu_ld=yes
lt_cv_sharedlib_from_linklib_cmd='printf %s\n'
lt_cv_shlibpath_overrides_runpath=no
lt_cv_sys_global_symbol_pipe='sed -n -e '\''s/^.*[	 ]\([ABCDGIRSTW][ABCDGIRSTW]*\)[	 ][	 ]*\([_A-Za-z][_A-Za-z0-9]*\)$/\1 \2 \2/p'\'' | sed '\''/ __gnu_lto/d'\'''
lt_cv_sys_global_symbol_to_c_name_address='sed -n -e '\''s/^: \(.*\) .*$/  {"\1", (void *) 0},/p'\'' -e '\''s/^[ABCDGIRSTW][ABCDGIRSTW]* .* \(.*\)$/  {"\1", (void *) \&\1},/p'\'''
lt_cv_sys_global_symbol_to_c_name_address_lib_prefix='sed -n -e '\''s/^: \(.*\) .*$/  {"\1", (void *) 0},/p'\'' -e '\''s/^[ABCDGIRSTW][ABCDGIRSTW]* .* \(lib.*\)$/  {"\1", (void *) \&\1},/p'\'' -e '\''s/^[ABCDGIRSTW][ABCDGIRSTW]* .* \(.*\)$/  {"lib\1", (void *) \&\1},/p'\'''
lt_cv_sys_global_symbol_to_cdecl='sed -n -e '\''s/^T .* \(.*\)$/extern int \1();/p'\'' -e '\''s/^[ABCDGIRSTW][ABCDGIRSTW]* .* \(.*\)$/extern char \1;/p'\'''
lt_cv_sys_global_symbol_to_import=
lt_cv_sys_max_cmd_len=1572864
lt_cv_to_host_file_cmd=func_convert_file_noop
lt_cv_to_tool_file_cmd=func_convert_file_noop
lt_cv_truncate_bin='/usr/bin/dd bs=4096 count=1'
pkg_cv_GZEN_MONEY_CFLAGS='-pthread -I/usr/include/gnome-keyring-1 -I/usr/include/libsoup-2.4 -I/usr/include/libxml2 -I/usr/include/gee-1.0 -I/usr/include/gtk-3.0 -I/usr/include/at-spi2-atk/2.0 -I/usr/include/at-spi-2.0 -I/usr/include/dbus-1.0 -I/usr/lib/dbus-1.0/include -I/usr/include/gtk-3.0 -I/usr/include/gio-unix-2.0/ -I/usr/include/cairo -I/usr/include/pango-1.0 -I/usr/include/atk-1.0 -I/usr/include/cairo -I/usr/include/pixman-1 -I/usr/include/freetype2 -I/usr/include/libpng16 -I/usr/include/harfbuzz -I/usr/include/freetype2 -I/usr/include/harfbuzz -I/usr/include/libdrm -I/usr/include/libpng16 -I/usr/include/gdk-pixbuf-2.0 -I/usr/include/libpng16 -I/usr/include/json-glib-1.0 -I/usr/include/glib-2.0 -I/usr/lib/glib-2.0/include '
pkg_cv_GZEN_MONEY_LIBS='-lgnome-keyring -lsoup-2.4 -lgee -lgtk-3 -lgdk-3 -lpangocairo-1.0 -lpango-1.0 -latk-1.0 -lcairo-gobject -lcairo -lgdk_pixbuf-2.0 -ljson-glib-1.0 -lgio-2.0 -lgobject-2.0 -lglib-2.0 '

## ----------------- ##
## Output variables. ##
## ----------------- ##

ACLOCAL='${SHELL} /home/bigbn/Devel/gzen-money/missing aclocal-1.15'
AMDEPBACKSLASH='\'
AMDEP_FALSE='#'
AMDEP_TRUE=''
AMTAR='$${TAR-tar}'
AM_BACKSLASH='\'
AM_DEFAULT_V='$(AM_DEFAULT_VERBOSITY)'
AM_DEFAULT_VERBOSITY='0'
AM_V='$(V)'
AR='ar'
AUTOCONF='${SHELL} /home/bigbn/Devel/gzen-money/missing autoconf'
AUTOHEADER='${SHELL} /home/bigbn/Devel/gzen-money/missing autoheader'
AUTOMAKE='${SHELL} /home/bigbn/Devel/gzen-money/missing automake-1.15'
AWK='gawk'
CC='gcc'
CCDEPMODE='depmode=gcc3'
CFLAGS='-g -O2'
CPP='gcc -E'
CPPFLAGS=''
CYGPATH_W='echo'
DEFS='-DHAVE_CONFIG_H'
DEPDIR='.deps'
DLLTOOL='false'
DSYMUTIL=''
DUMPBIN=':'
ECHO_C=''
ECHO_N='-n'
ECHO_T=''
EGREP='/usr/bin/grep -E'
EXEEXT=''
FGREP='/usr/bin/grep -F'
GREP='/usr/bin/grep'
GZEN_MONEY_CFLAGS='-pthread -I/usr/include/gnome-keyring-1 -I/usr/include/libsoup-2.4 -I/usr/include/libxml2 -I/usr/include/gee-1.0 -I/usr/include/gtk-3.0 -I/usr/include/at-spi2-atk/2.0 -I/usr/include/at-spi-2.0 -I/usr/include/dbus-1.0 -I/usr/lib/dbus-1.0/include -I/usr/include/gtk-3.0 -I/usr/include/gio-unix-2.0/ -I/usr/include/cairo -I/usr/include/pango-1.0 -I/usr/include/atk-1.0 -I/usr/include/cairo -I/usr/include/pixman-1 -I/usr/include/freetype2 -I/usr/include/libpng16 -I/usr/include/harfbuzz -I/usr/include/freetype2 -I/usr/include/harfbuzz -I/usr/include/libdrm -I/usr/include/libpng16 -I/usr/include/gdk-pixbuf-2.0 -I/usr/include/libpng16 -I/usr/include/json-glib-1.0 -I/usr/include/glib-2.0 -I/usr/lib/glib-2.0/include '
GZEN_MONEY_LIBS='-lgnome-keyring -lsoup-2.4 -lgee -lgtk-3 -lgdk-3 -lpangocairo-1.0 -lpango-1.0 -latk-1.0 -lcairo-gobject -lcairo -lgdk_pixbuf-2.0 -ljson-glib-1.0 -lgio-2.0 -lgobject-2.0 -lglib-2.0 '
INSTALL_DATA='${INSTALL} -m 644'
INSTALL_PROGRAM='${INSTALL}'
INSTALL_SCRIPT='${INSTALL}'
INSTALL_STRIP_PROGRAM='$(install_sh) -c -s'
LD='/usr/bin/ld -m elf_x86_64'
LDFLAGS=''
LIBOBJS=''
LIBS=''
LIBTOOL='$(SHELL) $(top_builddir)/libtool'
LIPO=''
LN_S='ln -s'
LTLIBOBJS=''
LT_SYS_LIBRARY_PATH=''
MAKEINFO='${SHELL} /home/bigbn/Devel/gzen-money/missing makeinfo'
MANIFEST_TOOL=':'
MKDIR_P='/usr/bin/mkdir -p'
NM='nm'
NMEDIT=''
OBJDUMP='objdump'
OBJEXT='o'
OTOOL64=''
OTOOL=''
PACKAGE='gzen_money'
PACKAGE_BUGREPORT=''
PACKAGE_NAME='gzen_money'
PACKAGE_STRING='gzen_money 0.1'
PACKAGE_TARNAME='gzen_money'
PACKAGE_URL=''
PACKAGE_VERSION='0.1'
PATH_SEPARATOR=':'
PKG_CONFIG='/usr/bin/pkg-config'
PKG_CONFIG_LIBDIR=''
PKG_CONFIG_PATH=''
RANLIB='ranlib'
SED='/usr/bin/sed'
SET_MAKE=''
SHELL='/bin/sh'
STRIP='strip'
VALAC='/usr/bin/valac'
VERSION='0.1'
ac_ct_AR='ar'
ac_ct_CC='gcc'
ac_ct_DUMPBIN='link -dump'
am__EXEEXT_FALSE=''
am__EXEEXT_TRUE='#'
am__fastdepCC_FALSE='#'
am__fastdepCC_TRUE=''
am__include='include'
am__isrc=''
am__leading_dot='.'
am__nodep='_no'
am__quote=''
am__tar='$${TAR-tar} chof - "$$tardir"'
am__untar='$${TAR-tar} xf -'
bindir='${exec_prefix}/bin'
build='x86_64-unknown-linux-gnu'
build_alias=''
build_cpu='x86_64'
build_os='linux-gnu'
build_vendor='unknown'
datadir='${datarootdir}'
datarootdir='${prefix}/share'
docdir='${datarootdir}/doc/${PACKAGE_TARNAME}'
dvidir='${docdir}'
exec_prefix='${prefix}'
host='x86_64-pc-linux-gnu'
host_alias='x86_64-linux-gnu'
host_cpu='x86_64'
host_os='linux-gnu'
host_vendor='pc'
htmldir='${docdir}'
includedir='${prefix}/include'
infodir='${datarootdir}/info'
install_sh='${SHELL} /home/bigbn/Devel/gzen-money/install-sh'
libdir='${exec_prefix}/lib'
libexecdir='${exec_prefix}/libexec'
localedir='${datarootdir}/locale'
localstatedir='${prefix}/var'
mandir='${datarootdir}/man'
mkdir_p='$(MKDIR_P)'
oldincludedir='/usr/include'
pdfdir='${docdir}'
prefix='/home/bigbn/Devel/gzen-money/_install'
program_transform_name='s,x,x,'
psdir='${docdir}'
sbindir='${exec_prefix}/sbin'
sharedstatedir='${prefix}/com'
sysconfdir='${prefix}/etc'
target_alias=''

## ----------- ##
## confdefs.h. ##
## ----------- ##

/* confdefs.h */
#define PACKAGE_NAME "gzen_money"
#define PACKAGE_TARNAME "gzen_money"
#define PACKAGE_VERSION "0.1"
#define PACKAGE_STRING "gzen_money 0.1"
#define PACKAGE_BUGREPORT ""
#define PACKAGE_URL ""
#define PACKAGE "gzen_money"
#define VERSION "0.1"
#define STDC_HEADERS 1
#define HAVE_SYS_TYPES_H 1
#define HAVE_SYS_STAT_H 1
#define HAVE_STDLIB_H 1
#define HAVE_STRING_H 1
#define HAVE_MEMORY_H 1
#define HAVE_STRINGS_H 1
#define HAVE_INTTYPES_H 1
#define HAVE_STDINT_H 1
#define HAVE_UNISTD_H 1
#define HAVE_DLFCN_H 1
#define LT_OBJDIR ".libs/"

configure: exit 0
